<?xml version="1.0" encoding="UTF-8"?>
<!-- Generated by org.testng.reporters.JUnitXMLReporter -->
<testsuite ignored="0" hostname="LAPTOP-FAP6QC75" failures="0" tests="5" name="NegativeLogInTest" time="71.926" errors="0" timestamp="28 Sep 2020 16:25:35 GMT">
  <testcase classname="com.automationpractice.signuptests.NegativeLogInTests" name="negativeLogInTest" time="7.428"/>
  <testcase classname="com.automationpractice.signuptests.NegativeLogInTests" name="negativeLogInTest" time="6.478"/>
  <testcase classname="com.automationpractice.signuptests.NegativeLogInTests" name="negativeLogInTest" time="7.303"/>
  <testcase classname="com.automationpractice.signuptests.NegativeLogInTests" name="negativeLogInTest" time="5.954"/>
  <testcase classname="com.automationpractice.signuptests.NegativeLogInTests" name="negativeLogInTest" time="7.266"/>
</testsuite> <!-- NegativeLogInTest -->
